Loaded dependency [python3/3.9.11]: gcc/10.3.0-binutils-2.36.1
Loaded module: python3/3.9.11

Loading python3/3.9.11
  Loading requirement: gcc/10.3.0-binutils-2.36.1
Loaded module: cuda/11.8
Loaded module: gcc/11.3.0-binutils-2.38
ImportError: No module named site
ImportError: No module named site
ImportError: No module named site

------------------------------------------------------------
Sender: LSF System <lsfadmin@hpc.dtu.dk>
Subject: Job 16931387: <NONAME> in cluster <dcc> Exited

Job <NONAME> was submitted from host <gbarlogin1> by user <s216416> in cluster <dcc> at Tue Jun 27 15:46:44 2023
Job was executed on host(s) <n-62-31-2>, in queue <hpc>, as user <s216416> in cluster <dcc> at Tue Jun 27 15:46:45 2023
</zhome/ed/0/170279> was used as the home directory.
</zhome/ed/0/170279/Github/deeponet> was used as the working directory.
Started at Tue Jun 27 15:46:45 2023
Terminated at Tue Jun 27 15:46:46 2023
Results reported at Tue Jun 27 15:46:46 2023

Your job looked like:

------------------------------------------------------------
# LSBATCH: User input
python src/train.py --dataset data/a --outputfolder a --run_name a
python src/train.py --dataset data/b --outputfolder b --run_name b
python src/train.py --dataset data/c --outputfolder c --run_name c
------------------------------------------------------------

Exited with exit code 1.

Resource usage summary:

    CPU time :                                   0.77 sec.
    Max Memory :                                 -
    Average Memory :                             -
    Total Requested Memory :                     1024.00 MB
    Delta Memory :                               -
    Max Swap :                                   -
    Max Processes :                              -
    Max Threads :                                -
    Run time :                                   14 sec.
    Turnaround time :                            2 sec.

The output (if any) is above this job summary.

