Loaded dependency [python3/3.9.11]: gcc/10.3.0-binutils-2.36.1
Loaded module: python3/3.9.11

Loading python3/3.9.11
  Loading requirement: gcc/10.3.0-binutils-2.36.1
Loaded module: cuda/11.8
Loaded module: gcc/11.3.0-binutils-2.38
ImportError: No module named site
ImportError: No module named site
ImportError: No module named site
ImportError: No module named site

------------------------------------------------------------
Sender: LSF System <lsfadmin@hpc.dtu.dk>
Subject: Job 16968407: <NONAME> in cluster <dcc> Exited

Job <NONAME> was submitted from host <gbarlogin1> by user <s216416> in cluster <dcc> at Sun Jul  2 19:49:12 2023
Job was executed on host(s) <n-62-31-21>, in queue <hpc>, as user <s216416> in cluster <dcc> at Sun Jul  2 19:49:14 2023
</zhome/ed/0/170279> was used as the home directory.
</zhome/ed/0/170279/Github/deeponet> was used as the working directory.
Started at Sun Jul  2 19:49:14 2023
Terminated at Sun Jul  2 19:49:15 2023
Results reported at Sun Jul  2 19:49:15 2023

Your job looked like:

------------------------------------------------------------
# LSBATCH: User input
# python src/wave_generator_gm.py --root /work3/s216416/deeponet/data/1a --m_min 10 --m_max 90 --v_min 10 --v_max 10 --num_g 1
# python src/wave_generator_gm.py --root /work3/s216416/deeponet/data/1b --m_min 10 --m_max 90 --v_min 10 --v_max 10 --num_g 10
# python src/wave_generator_gm.py --root /work3/s216416/deeponet/data/1c --m_min 20 --m_max 80 --v_min 1 --v_max 20 --num_g 10
# python src/wave_generator_gm.py --root /work3/s216416/deeponet/data/1d --m_min 20 --m_max 80 --v_min 1 --v_max 20 --num_g 100

python src/wave_generator_gm.py --root /work3/s216416/deeponet/data/1e --m_min 20 --m_max 80 --v_min 200 --v_max 200 --num_g 1
python src/wave_generator_gm.py --root /work3/s216416/deeponet/data/1f --m_min 20 --m_max 80 --v_min 100 --v_max 100 --num_g 1
python src/wave_generator_gm.py --root /work3/s216416/deeponet/data/1g --m_min 20 --m_max 80 --v_min 50 --v_max 50 --num_g 1
python src/wave_generator_gm.py --root /work3/s216416/deeponet/data/1h --m_min 20 --m_max 80 --v_min 20 --v_max 20 --num_g 1
------------------------------------------------------------

Exited with exit code 1.

Resource usage summary:

    CPU time :                                   0.65 sec.
    Max Memory :                                 -
    Average Memory :                             -
    Total Requested Memory :                     1024.00 MB
    Delta Memory :                               -
    Max Swap :                                   -
    Max Processes :                              -
    Max Threads :                                -
    Run time :                                   4 sec.
    Turnaround time :                            3 sec.

The output (if any) is above this job summary.

