Loaded dependency [python3/3.9.11]: gcc/10.3.0-binutils-2.36.1
Loaded module: python3/3.9.11

Loading python3/3.9.11
  Loading requirement: gcc/10.3.0-binutils-2.36.1
Loaded module: cuda/11.8
Loaded module: gcc/11.3.0-binutils-2.38
/bin/bash: bash/exp_pinn/pred.sh: Permission denied

------------------------------------------------------------
Sender: LSF System <lsfadmin@hpc.dtu.dk>
Subject: Job 17222269: <NONAME> in cluster <dcc> Exited

Job <NONAME> was submitted from host <gbarlogin1> by user <s216416> in cluster <dcc> at Sun Aug 27 10:31:14 2023
Job was executed on host(s) <n-62-31-5>, in queue <hpc>, as user <s216416> in cluster <dcc> at Sun Aug 27 10:31:16 2023
</zhome/ed/0/170279> was used as the home directory.
</zhome/ed/0/170279/Github/deeponet> was used as the working directory.
Started at Sun Aug 27 10:31:16 2023
Terminated at Sun Aug 27 10:31:18 2023
Results reported at Sun Aug 27 10:31:18 2023

Your job looked like:

------------------------------------------------------------
# LSBATCH: User input
bash/exp_pinn/pred.sh
------------------------------------------------------------

Exited with exit code 126.

Resource usage summary:

    CPU time :                                   0.70 sec.
    Max Memory :                                 -
    Average Memory :                             -
    Total Requested Memory :                     1024.00 MB
    Delta Memory :                               -
    Max Swap :                                   -
    Max Processes :                              -
    Max Threads :                                -
    Run time :                                   20 sec.
    Turnaround time :                            4 sec.

The output (if any) is above this job summary.

